=== SwarmOps Watchdog Started ===
2026년  3월 29일 일요일 10시 39분 16초 KST: 노트북 덮어도 됩니다 🦞

2026년  3월 29일 일요일 10시 39분 16초 KST: [Attempt 1/20] Ralph 세션 시작...
2026년  3월 29일 일요일 10시 41분 57초 KST: 세션 종료 (exit: 130)
2026년  3월 29일 일요일 10시 41분 57초 KST: 10초 후 재시작...

2026년  3월 29일 일요일 10시 42분 08초 KST: [Attempt 2/20] Ralph 세션 시작...
2026년  3월 29일 일요일 10시 42분 13초 KST: 세션 종료 (exit: 130)
2026년  3월 29일 일요일 10시 42분 13초 KST: 10초 후 재시작...
=== SwarmOps Watchdog Started ===
2026년  3월 29일 일요일 10시 42분 20초 KST: 노트북 덮어도 됩니다 🦞

2026년  3월 29일 일요일 10시 42분 20초 KST: [Attempt 1/20] Ralph 세션 시작...
^C[?1006l[?1003l[?1002l[?1000l[>4m[<u[?1004l[?2004l[?25h]9;4;0;]0;Execution error^C[?25h
2026년  3월 29일 일요일 10시 56분 24초 KST: 세션 종료 (exit: 0)
2026년  3월 29일 일요일 10시 56분 24초 KST: 10초 후 재시작...
=== SwarmOps Watchdog Started ===
2026년  3월 29일 일요일 11시 57분 35초 KST: 노트북 덮어도 됩니다 🦞
2026년  3월 29일 일요일 11시 57분 35초 KST: Ralph COMPLETE 2회 달성 시 종료

2026년  3월 29일 일요일 11시 57분 35초 KST: [Attempt 1/20] Ralph 세션 시작...
^C[?1006l[?1003l[?1002l[?1000l[>4m[<u[?1004l[?2004l[?25h]9;4;0;]0;Execution error[?25h
2026년  3월 29일 일요일 11시 59분 09초 KST: 세션 종료 (exit: 0)
2026년  3월 29일 일요일 11시 59분 09초 KST: ✅ Ralph 완료! (1/2)
2026년  3월 29일 일요일 11시 59분 09초 KST: 검증을 위해 한 번 더 실행합니다...
